2019-01-27 00:32:04 INFO  BaseTest:18 - Starting Test Case : doLogin
2019-01-27 00:32:04 INFO  PayloadGenerator:14 - Inside PayloadConverter function
2019-01-27 00:32:04 INFO  URL:17 - URI End Point : http://localhost:8090/rest/auth/1/session
2019-01-27 00:32:04 INFO  RESTCalls:28 - Inside POSTRequest call
2019-01-27 00:32:05 DEBUG BasicClientConnectionManager:164 - Get connection for route {}->http://localhost:8090
2019-01-27 00:32:05 DEBUG DefaultClientConnectionOperator:176 - Connecting to localhost:8090
2019-01-27 00:32:05 DEBUG RequestAddCookies:122 - CookieSpec selected: ignoreCookies
2019-01-27 00:32:05 DEBUG RequestAuthCache:76 - Auth cache not set in the context
2019-01-27 00:32:05 DEBUG RequestTargetAuthentication:79 - Target auth state: UNCHALLENGED
2019-01-27 00:32:05 DEBUG RequestProxyAuthentication:88 - Proxy auth state: UNCHALLENGED
2019-01-27 00:32:05 DEBUG DefaultHttpClient:684 - Attempt 1 to execute request
2019-01-27 00:32:05 DEBUG DefaultClientConnection:276 - Sending request: POST /rest/auth/1/session HTTP/1.1
2019-01-27 00:32:05 DEBUG wire:72 -  >> "POST /rest/auth/1/session HTTP/1.1[\r][\n]"
2019-01-27 00:32:05 DEBUG wire:72 -  >> "Accept: */*[\r][\n]"
2019-01-27 00:32:05 DEBUG wire:72 -  >> "Content-Type: application/json; charset=UTF-8[\r][\n]"
2019-01-27 00:32:05 DEBUG wire:72 -  >> "Content-Length: 61[\r][\n]"
2019-01-27 00:32:05 DEBUG wire:72 -  >> "Host: localhost:8090[\r][\n]"
2019-01-27 00:32:05 DEBUG wire:72 -  >> "Connection: Keep-Alive[\r][\n]"
2019-01-27 00:32:05 DEBUG wire:72 -  >> "User-Agent: Apache-HttpClient/4.5.2 (Java/1.8.0_192)[\r][\n]"
2019-01-27 00:32:05 DEBUG wire:72 -  >> "Accept-Encoding: gzip,deflate[\r][\n]"
2019-01-27 00:32:05 DEBUG wire:72 -  >> "[\r][\n]"
2019-01-27 00:32:05 DEBUG headers:280 - >> POST /rest/auth/1/session HTTP/1.1
2019-01-27 00:32:05 DEBUG headers:283 - >> Accept: */*
2019-01-27 00:32:05 DEBUG headers:283 - >> Content-Type: application/json; charset=UTF-8
2019-01-27 00:32:05 DEBUG headers:283 - >> Content-Length: 61
2019-01-27 00:32:05 DEBUG headers:283 - >> Host: localhost:8090
2019-01-27 00:32:05 DEBUG headers:283 - >> Connection: Keep-Alive
2019-01-27 00:32:05 DEBUG headers:283 - >> User-Agent: Apache-HttpClient/4.5.2 (Java/1.8.0_192)
2019-01-27 00:32:05 DEBUG headers:283 - >> Accept-Encoding: gzip,deflate
2019-01-27 00:32:05 DEBUG wire:72 -  >> "{  [\n]"
2019-01-27 00:32:05 DEBUG wire:72 -  >> "   "username":"rashed.arnob",[\n]"
2019-01-27 00:32:05 DEBUG wire:72 -  >> "   "password":"arnob0704"[\n]"
2019-01-27 00:32:05 DEBUG wire:86 -  >> "}"
2019-01-27 00:32:05 DEBUG wire:72 -  << "HTTP/1.1 200 [\r][\n]"
2019-01-27 00:32:05 DEBUG wire:72 -  << "X-AREQUESTID: 32x1462x1[\r][\n]"
2019-01-27 00:32:05 DEBUG wire:72 -  << "X-XSS-Protection: 1; mode=block[\r][\n]"
2019-01-27 00:32:05 DEBUG wire:72 -  << "X-Content-Type-Options: nosniff[\r][\n]"
2019-01-27 00:32:05 DEBUG wire:72 -  << "X-Frame-Options: SAMEORIGIN[\r][\n]"
2019-01-27 00:32:05 DEBUG wire:72 -  << "Content-Security-Policy: frame-ancestors 'self'[\r][\n]"
2019-01-27 00:32:05 DEBUG wire:72 -  << "X-ASEN: SEN-L12959517[\r][\n]"
2019-01-27 00:32:05 DEBUG wire:72 -  << "Set-Cookie: atlassian.xsrf.token=B4X7-5Y39-TEPN-4Q1W_574a4fa88aa1cfeb7d0affab26428f1c2a335792_lout; Path=/[\r][\n]"
2019-01-27 00:32:05 DEBUG wire:72 -  << "X-AUSERNAME: anonymous[\r][\n]"
2019-01-27 00:32:05 DEBUG wire:72 -  << "Set-Cookie: JSESSIONID=F0A6CE162AB66E10303CE6DA95B16205; Path=/; HttpOnly[\r][\n]"
2019-01-27 00:32:05 DEBUG wire:72 -  << "X-Seraph-LoginReason: OK[\r][\n]"
2019-01-27 00:32:05 DEBUG wire:72 -  << "Cache-Control: no-cache, no-store, no-transform[\r][\n]"
2019-01-27 00:32:05 DEBUG wire:72 -  << "Content-Encoding: gzip[\r][\n]"
2019-01-27 00:32:05 DEBUG wire:72 -  << "Vary: User-Agent[\r][\n]"
2019-01-27 00:32:05 DEBUG wire:72 -  << "Content-Type: application/json;charset=UTF-8[\r][\n]"
2019-01-27 00:32:05 DEBUG wire:72 -  << "Transfer-Encoding: chunked[\r][\n]"
2019-01-27 00:32:05 DEBUG wire:72 -  << "Date: Sun, 27 Jan 2019 05:32:05 GMT[\r][\n]"
2019-01-27 00:32:05 DEBUG wire:72 -  << "[\r][\n]"
2019-01-27 00:32:05 DEBUG DefaultClientConnection:261 - Receiving response: HTTP/1.1 200 
2019-01-27 00:32:05 DEBUG headers:264 - << HTTP/1.1 200 
2019-01-27 00:32:05 DEBUG headers:267 - << X-AREQUESTID: 32x1462x1
2019-01-27 00:32:05 DEBUG headers:267 - << X-XSS-Protection: 1; mode=block
2019-01-27 00:32:05 DEBUG headers:267 - << X-Content-Type-Options: nosniff
2019-01-27 00:32:05 DEBUG headers:267 - << X-Frame-Options: SAMEORIGIN
2019-01-27 00:32:05 DEBUG headers:267 - << Content-Security-Policy: frame-ancestors 'self'
2019-01-27 00:32:05 DEBUG headers:267 - << X-ASEN: SEN-L12959517
2019-01-27 00:32:05 DEBUG headers:267 - << Set-Cookie: atlassian.xsrf.token=B4X7-5Y39-TEPN-4Q1W_574a4fa88aa1cfeb7d0affab26428f1c2a335792_lout; Path=/
2019-01-27 00:32:05 DEBUG headers:267 - << X-AUSERNAME: anonymous
2019-01-27 00:32:05 DEBUG headers:267 - << Set-Cookie: JSESSIONID=F0A6CE162AB66E10303CE6DA95B16205; Path=/; HttpOnly
2019-01-27 00:32:05 DEBUG headers:267 - << X-Seraph-LoginReason: OK
2019-01-27 00:32:05 DEBUG headers:267 - << Cache-Control: no-cache, no-store, no-transform
2019-01-27 00:32:05 DEBUG headers:267 - << Content-Encoding: gzip
2019-01-27 00:32:05 DEBUG headers:267 - << Vary: User-Agent
2019-01-27 00:32:05 DEBUG headers:267 - << Content-Type: application/json;charset=UTF-8
2019-01-27 00:32:05 DEBUG headers:267 - << Transfer-Encoding: chunked
2019-01-27 00:32:05 DEBUG headers:267 - << Date: Sun, 27 Jan 2019 05:32:05 GMT
2019-01-27 00:32:05 DEBUG DefaultHttpClient:511 - Connection can be kept alive indefinitely
2019-01-27 00:32:05 DEBUG RequestSpecificationImpl$RestAssuredHttpBuilder:545 - Parsing response as: application/json;charset=UTF-8
2019-01-27 00:32:05 DEBUG wire:72 -  << "97[\r][\n]"
2019-01-27 00:32:05 DEBUG wire:86 -  << "[0x1f]"
2019-01-27 00:32:05 DEBUG wire:86 -  << "[0x8b]"
2019-01-27 00:32:05 DEBUG wire:86 -  << "[0x8]"
2019-01-27 00:32:05 DEBUG wire:86 -  << "[0x0]"
2019-01-27 00:32:05 DEBUG wire:86 -  << "[0x0][0x0][0x0][0x0][0x0][0x0]"
2019-01-27 00:32:05 DEBUG RequestSpecificationImpl$RestAssuredHttpBuilder:548 - Parsed data to instance of: class org.apache.http.conn.EofSensorInputStream
2019-01-27 00:32:05 DEBUG RESTCalls:32 - io.restassured.internal.RequestSpecificationImpl@584f54e6
2019-01-27 00:32:05 DEBUG wire:86 -  << "[0x1c][0x8d]A[0xe][0xc2] [0x14][0x5][0xef][0xf2][0xd7][0xd4]|[0xc0]b`[0xd7]RL0F[0x17][0xf4][0x2]][0xa0]![0xa9]`D[0xba]i[0xb8][0xbb][0xb6][0xcb][0x99]I[0xde][![0xfb][0x9c]C[0x8a][0xa0]V[0x88][0xd3][0xcb][0x83][0x82][0x8b]3[0xce][0xd9][0xfb][0xcd][0xe]@`[0x99][0xe6][0xb2][0xc9]3vB[0x1b]*X[0xd7][0xb]a(r[0xe4][0xda][0x88][0xa1][0x93]m[0xff][0x97][0xd8]B%0[0xa7]g[0x88]6>[0xd2]6[0xb6][0x83]N%~AQ)[0x8][0xbc]?~[0x9][0xa9][0xe4][0xeb][0x16][0xc6][0xb0]_1[0xa4][0xb2]A[0xda][0xb0][0xd3][0x88][0xa8]8U[0x1c][0xf][0x92][0x1d][0x1b]l[0x11][0xa1][0xd6][0x1f][0x0][0x0][0x0][0xff][0xff]"
2019-01-27 00:32:05 DEBUG wire:72 -  << "[\r][\n]"
2019-01-27 00:32:05 DEBUG wire:72 -  << "a[\r][\n]"
2019-01-27 00:32:05 DEBUG wire:86 -  << "[0x3][0x0]"[0xe1][0xa7][0x19][0x9e][0x0][0x0][0x0]"
2019-01-27 00:32:05 DEBUG wire:72 -  << "[\r][\n]"
2019-01-27 00:32:05 DEBUG wire:72 -  << "0[\r][\n]"
2019-01-27 00:32:05 DEBUG wire:72 -  << "[\r][\n]"
2019-01-27 00:32:05 DEBUG BasicClientConnectionManager:203 - Releasing connection org.apache.http.impl.conn.ManagedClientConnectionImpl@362045c0
2019-01-27 00:32:05 DEBUG BasicClientConnectionManager:228 - Connection can be kept alive indefinitely
2019-01-27 00:32:05 INFO  BaseTest:25 - Login Response Body: {"session":{"name":"JSESSIONID","value":"F0A6CE162AB66E10303CE6DA95B16205"},"loginInfo":{"loginCount":196,"previousLoginTime":"2019-01-27T00:31:30.924-0500"}}
2019-01-27 00:32:05 INFO  TestUtils:15 - Converting Response to String
2019-01-27 00:32:05 DEBUG TestUtils:17 - String Response{"session":{"name":"JSESSIONID","value":"F0A6CE162AB66E10303CE6DA95B16205"},"loginInfo":{"loginCount":196,"previousLoginTime":"2019-01-27T00:31:30.924-0500"}}
2019-01-27 00:32:05 INFO  TestUtils:22 - Parsing String Response to JSON
2019-01-27 00:32:05 DEBUG TestUtils:24 - JSON Response: io.restassured.path.json.JsonPath@35d08e6c
2019-01-27 00:32:05 INFO  BaseTest:29 - JIRA JSession ID : F0A6CE162AB66E10303CE6DA95B16205
2019-01-27 00:32:05 INFO  PayloadGenerator:14 - Inside PayloadConverter function
2019-01-27 00:32:05 INFO  URL:17 - URI End Point : http://localhost:8090/rest/api/2/group
2019-01-27 00:32:05 INFO  RESTCalls:37 - Inside POSTRequest call
2019-01-27 00:32:05 DEBUG BasicClientConnectionManager:164 - Get connection for route {}->http://localhost:8090
2019-01-27 00:32:05 DEBUG DefaultClientConnectionOperator:176 - Connecting to localhost:8090
2019-01-27 00:32:05 DEBUG RequestAddCookies:122 - CookieSpec selected: ignoreCookies
2019-01-27 00:32:05 DEBUG RequestAuthCache:76 - Auth cache not set in the context
2019-01-27 00:32:05 DEBUG RequestProxyAuthentication:88 - Proxy auth state: UNCHALLENGED
2019-01-27 00:32:05 DEBUG DefaultHttpClient:684 - Attempt 1 to execute request
2019-01-27 00:32:05 DEBUG DefaultClientConnection:276 - Sending request: POST /rest/api/2/group HTTP/1.1
2019-01-27 00:32:05 DEBUG wire:72 -  >> "POST /rest/api/2/group HTTP/1.1[\r][\n]"
2019-01-27 00:32:05 DEBUG wire:72 -  >> "Authorization: Basic cmFzaGVkLmFybm9iOmFybm9iMDcwNA==[\r][\n]"
2019-01-27 00:32:05 DEBUG wire:72 -  >> "cookie: JSESSIONID=F0A6CE162AB66E10303CE6DA95B16205[\r][\n]"
2019-01-27 00:32:05 DEBUG wire:72 -  >> "Accept: */*[\r][\n]"
2019-01-27 00:32:05 DEBUG wire:72 -  >> "Content-Type: application/json; charset=UTF-8[\r][\n]"
2019-01-27 00:32:05 DEBUG wire:72 -  >> "Content-Length: 21[\r][\n]"
2019-01-27 00:32:05 DEBUG wire:72 -  >> "Host: localhost:8090[\r][\n]"
2019-01-27 00:32:05 DEBUG wire:72 -  >> "Connection: Keep-Alive[\r][\n]"
2019-01-27 00:32:05 DEBUG wire:72 -  >> "User-Agent: Apache-HttpClient/4.5.2 (Java/1.8.0_192)[\r][\n]"
2019-01-27 00:32:05 DEBUG wire:72 -  >> "Accept-Encoding: gzip,deflate[\r][\n]"
2019-01-27 00:32:05 DEBUG wire:72 -  >> "[\r][\n]"
2019-01-27 00:32:05 DEBUG headers:280 - >> POST /rest/api/2/group HTTP/1.1
2019-01-27 00:32:05 DEBUG headers:283 - >> Authorization: Basic cmFzaGVkLmFybm9iOmFybm9iMDcwNA==
2019-01-27 00:32:05 DEBUG headers:283 - >> cookie: JSESSIONID=F0A6CE162AB66E10303CE6DA95B16205
2019-01-27 00:32:05 DEBUG headers:283 - >> Accept: */*
2019-01-27 00:32:05 DEBUG headers:283 - >> Content-Type: application/json; charset=UTF-8
2019-01-27 00:32:05 DEBUG headers:283 - >> Content-Length: 21
2019-01-27 00:32:05 DEBUG headers:283 - >> Host: localhost:8090
2019-01-27 00:32:05 DEBUG headers:283 - >> Connection: Keep-Alive
2019-01-27 00:32:05 DEBUG headers:283 - >> User-Agent: Apache-HttpClient/4.5.2 (Java/1.8.0_192)
2019-01-27 00:32:05 DEBUG headers:283 - >> Accept-Encoding: gzip,deflate
2019-01-27 00:32:05 DEBUG wire:72 -  >> "{[\n]"
2019-01-27 00:32:05 DEBUG wire:72 -  >> "  "name": "QA18"[\n]"
2019-01-27 00:32:05 DEBUG wire:72 -  >> "[\n]"
2019-01-27 00:32:05 DEBUG wire:86 -  >> "}"
2019-01-27 00:32:05 DEBUG wire:72 -  << "HTTP/1.1 201 [\r][\n]"
2019-01-27 00:32:05 DEBUG wire:72 -  << "X-AREQUESTID: 32x1463x1[\r][\n]"
2019-01-27 00:32:05 DEBUG wire:72 -  << "X-ASESSIONID: 1tqhp53[\r][\n]"
2019-01-27 00:32:05 DEBUG wire:72 -  << "X-XSS-Protection: 1; mode=block[\r][\n]"
2019-01-27 00:32:05 DEBUG wire:72 -  << "X-Content-Type-Options: nosniff[\r][\n]"
2019-01-27 00:32:05 DEBUG wire:72 -  << "X-Frame-Options: SAMEORIGIN[\r][\n]"
2019-01-27 00:32:05 DEBUG wire:72 -  << "Content-Security-Policy: frame-ancestors 'self'[\r][\n]"
2019-01-27 00:32:05 DEBUG wire:72 -  << "X-ASEN: SEN-L12959517[\r][\n]"
2019-01-27 00:32:05 DEBUG wire:72 -  << "X-Seraph-LoginReason: OK[\r][\n]"
2019-01-27 00:32:05 DEBUG wire:72 -  << "Set-Cookie: atlassian.xsrf.token=B4X7-5Y39-TEPN-4Q1W_50d252abfe3519d29bdb042e37609c2392936f27_lin; Path=/[\r][\n]"
2019-01-27 00:32:05 DEBUG wire:72 -  << "X-AUSERNAME: rashed.arnob[\r][\n]"
2019-01-27 00:32:05 DEBUG wire:72 -  << "Location: http://localhost:8090/rest/api/2/group?groupname=QA18[\r][\n]"
2019-01-27 00:32:05 DEBUG wire:72 -  << "Cache-Control: no-cache, no-store, no-transform[\r][\n]"
2019-01-27 00:32:05 DEBUG wire:72 -  << "Content-Encoding: gzip[\r][\n]"
2019-01-27 00:32:05 DEBUG wire:72 -  << "Vary: User-Agent[\r][\n]"
2019-01-27 00:32:05 DEBUG wire:72 -  << "Content-Type: application/json;charset=UTF-8[\r][\n]"
2019-01-27 00:32:05 DEBUG wire:72 -  << "Transfer-Encoding: chunked[\r][\n]"
2019-01-27 00:32:05 DEBUG wire:72 -  << "Date: Sun, 27 Jan 2019 05:32:05 GMT[\r][\n]"
2019-01-27 00:32:05 DEBUG wire:72 -  << "[\r][\n]"
2019-01-27 00:32:05 DEBUG DefaultClientConnection:261 - Receiving response: HTTP/1.1 201 
2019-01-27 00:32:05 DEBUG headers:264 - << HTTP/1.1 201 
2019-01-27 00:32:05 DEBUG headers:267 - << X-AREQUESTID: 32x1463x1
2019-01-27 00:32:05 DEBUG headers:267 - << X-ASESSIONID: 1tqhp53
2019-01-27 00:32:05 DEBUG headers:267 - << X-XSS-Protection: 1; mode=block
2019-01-27 00:32:05 DEBUG headers:267 - << X-Content-Type-Options: nosniff
2019-01-27 00:32:05 DEBUG headers:267 - << X-Frame-Options: SAMEORIGIN
2019-01-27 00:32:05 DEBUG headers:267 - << Content-Security-Policy: frame-ancestors 'self'
2019-01-27 00:32:05 DEBUG headers:267 - << X-ASEN: SEN-L12959517
2019-01-27 00:32:05 DEBUG headers:267 - << X-Seraph-LoginReason: OK
2019-01-27 00:32:05 DEBUG headers:267 - << Set-Cookie: atlassian.xsrf.token=B4X7-5Y39-TEPN-4Q1W_50d252abfe3519d29bdb042e37609c2392936f27_lin; Path=/
2019-01-27 00:32:05 DEBUG headers:267 - << X-AUSERNAME: rashed.arnob
2019-01-27 00:32:05 DEBUG headers:267 - << Location: http://localhost:8090/rest/api/2/group?groupname=QA18
2019-01-27 00:32:05 DEBUG headers:267 - << Cache-Control: no-cache, no-store, no-transform
2019-01-27 00:32:05 DEBUG headers:267 - << Content-Encoding: gzip
2019-01-27 00:32:05 DEBUG headers:267 - << Vary: User-Agent
2019-01-27 00:32:05 DEBUG headers:267 - << Content-Type: application/json;charset=UTF-8
2019-01-27 00:32:05 DEBUG headers:267 - << Transfer-Encoding: chunked
2019-01-27 00:32:05 DEBUG headers:267 - << Date: Sun, 27 Jan 2019 05:32:05 GMT
2019-01-27 00:32:05 DEBUG DefaultHttpClient:511 - Connection can be kept alive indefinitely
2019-01-27 00:32:05 DEBUG RequestSpecificationImpl$RestAssuredHttpBuilder:545 - Parsing response as: application/json;charset=UTF-8
2019-01-27 00:32:05 DEBUG wire:72 -  << "94[\r][\n]"
2019-01-27 00:32:05 DEBUG wire:86 -  << "[0x1f]"
2019-01-27 00:32:05 DEBUG wire:86 -  << "[0x8b]"
2019-01-27 00:32:05 DEBUG wire:86 -  << "[0x8]"
2019-01-27 00:32:05 DEBUG wire:86 -  << "[0x0]"
2019-01-27 00:32:05 DEBUG wire:86 -  << "[0x0][0x0][0x0][0x0][0x0][0x0]"
2019-01-27 00:32:05 DEBUG RequestSpecificationImpl$RestAssuredHttpBuilder:548 - Parsed data to instance of: class org.apache.http.conn.EofSensorInputStream
2019-01-27 00:32:05 DEBUG RESTCalls:43 - Post Request Specificationsio.restassured.internal.RequestSpecificationImpl@74e47444
2019-01-27 00:32:05 INFO  TestUtils:52 - rashed.arnob
2019-01-27 00:32:05 INFO  TestUtils:56 - Header X-AUSERNAME = rashed.arnob available
2019-01-27 00:32:05 INFO  TestUtils:37 - Getting Response Code
2019-01-27 00:32:05 INFO  TestUtils:39 - Status Code: 201
